{"src\\contracts\\Marketplace.sol":{"l":{"14":0,"15":0,"69":3,"70":3,"78":5,"79":3,"81":1,"82":1,"84":1,"95":7,"97":7,"99":7,"100":5,"101":3,"102":1,"105":1,"106":1,"107":1,"109":1,"111":1},"path":"C:\\Users\\Neha\\Desktop\\Omkar\\Blockchain\\ConsensysFinalProject\\Marketplace\\src\\contracts\\Marketplace.sol","s":{"1":0,"2":3,"3":3,"4":5,"5":3,"6":1,"7":1,"8":7,"9":7,"10":7,"11":5,"12":3,"13":1,"14":1,"15":1,"16":1,"17":1,"18":1},"b":{"1":[0,0],"2":[3,2],"3":[1,2],"4":[5,2],"5":[3,2],"6":[1,2],"7":[1,0]},"f":{"1":0,"2":3,"3":5,"4":7},"fnMap":{"1":{"name":"isAdmin","line":13,"loc":{"start":{"line":13,"column":0},"end":{"line":16,"column":0}}},"2":{"name":"constructor","line":66,"loc":{"start":{"line":66,"column":3},"end":{"line":71,"column":4}}},"3":{"name":"createProduct","line":76,"loc":{"start":{"line":76,"column":4},"end":{"line":86,"column":4}}},"4":{"name":"purchaseProduct","line":94,"loc":{"start":{"line":94,"column":4},"end":{"line":112,"column":4}}}},"statementMap":{"1":{"start":{"line":14,"column":4},"end":{"line":14,"column":31}},"2":{"start":{"line":69,"column":8},"end":{"line":69,"column":26}},"3":{"start":{"line":70,"column":8},"end":{"line":70,"column":35}},"4":{"start":{"line":78,"column":8},"end":{"line":78,"column":104}},"5":{"start":{"line":79,"column":8},"end":{"line":79,"column":67}},"6":{"start":{"line":82,"column":8},"end":{"line":82,"column":84}},"7":{"start":{"line":84,"column":8},"end":{"line":84,"column":72}},"8":{"start":{"line":95,"column":4},"end":{"line":95,"column":43}},"9":{"start":{"line":97,"column":4},"end":{"line":97,"column":43}},"10":{"start":{"line":99,"column":4},"end":{"line":99,"column":58}},"11":{"start":{"line":100,"column":4},"end":{"line":100,"column":41}},"12":{"start":{"line":101,"column":4},"end":{"line":101,"column":31}},"13":{"start":{"line":102,"column":4},"end":{"line":102,"column":32}},"14":{"start":{"line":105,"column":4},"end":{"line":105,"column":30}},"15":{"start":{"line":106,"column":4},"end":{"line":106,"column":28}},"16":{"start":{"line":107,"column":4},"end":{"line":107,"column":27}},"17":{"start":{"line":109,"column":4},"end":{"line":109,"column":29}},"18":{"start":{"line":111,"column":4},"end":{"line":111,"column":75}}},"branchMap":{"1":{"line":14,"type":"if","locations":[{"start":{"line":14,"column":4},"end":{"line":14,"column":4}},{"start":{"line":14,"column":4},"end":{"line":14,"column":4}}]},"2":{"line":78,"type":"if","locations":[{"start":{"line":78,"column":8},"end":{"line":78,"column":8}},{"start":{"line":78,"column":8},"end":{"line":78,"column":8}}]},"3":{"line":79,"type":"if","locations":[{"start":{"line":79,"column":8},"end":{"line":79,"column":8}},{"start":{"line":79,"column":8},"end":{"line":79,"column":8}}]},"4":{"line":99,"type":"if","locations":[{"start":{"line":99,"column":4},"end":{"line":99,"column":4}},{"start":{"line":99,"column":4},"end":{"line":99,"column":4}}]},"5":{"line":100,"type":"if","locations":[{"start":{"line":100,"column":4},"end":{"line":100,"column":4}},{"start":{"line":100,"column":4},"end":{"line":100,"column":4}}]},"6":{"line":101,"type":"if","locations":[{"start":{"line":101,"column":4},"end":{"line":101,"column":4}},{"start":{"line":101,"column":4},"end":{"line":101,"column":4}}]},"7":{"line":102,"type":"if","locations":[{"start":{"line":102,"column":4},"end":{"line":102,"column":4}},{"start":{"line":102,"column":4},"end":{"line":102,"column":4}}]}}}}