{"src\\contracts\\Marketplace.sol":{"l":{"62":3,"70":5,"71":3,"73":1,"74":1,"76":1,"87":7,"89":7,"91":7,"92":5,"93":3,"94":1,"97":1,"98":1,"99":1,"101":1,"103":1},"path":"C:\\Users\\Neha\\Desktop\\Omkar\\Blockchain\\ConsensysFinalProject\\Marketplace\\src\\contracts\\Marketplace.sol","s":{"1":3,"2":5,"3":3,"4":1,"5":1,"6":7,"7":7,"8":7,"9":5,"10":3,"11":1,"12":1,"13":1,"14":1,"15":1,"16":1},"b":{"1":[3,2],"2":[1,2],"3":[5,2],"4":[3,2],"5":[1,2],"6":[1,0]},"f":{"1":3,"2":5,"3":7},"fnMap":{"1":{"name":"constructor","line":59,"loc":{"start":{"line":59,"column":3},"end":{"line":63,"column":4}}},"2":{"name":"createProduct","line":68,"loc":{"start":{"line":68,"column":4},"end":{"line":78,"column":4}}},"3":{"name":"purchaseProduct","line":86,"loc":{"start":{"line":86,"column":4},"end":{"line":104,"column":4}}}},"statementMap":{"1":{"start":{"line":62,"column":8},"end":{"line":62,"column":35}},"2":{"start":{"line":70,"column":8},"end":{"line":70,"column":104}},"3":{"start":{"line":71,"column":8},"end":{"line":71,"column":67}},"4":{"start":{"line":74,"column":8},"end":{"line":74,"column":84}},"5":{"start":{"line":76,"column":8},"end":{"line":76,"column":72}},"6":{"start":{"line":87,"column":4},"end":{"line":87,"column":43}},"7":{"start":{"line":89,"column":4},"end":{"line":89,"column":43}},"8":{"start":{"line":91,"column":4},"end":{"line":91,"column":58}},"9":{"start":{"line":92,"column":4},"end":{"line":92,"column":41}},"10":{"start":{"line":93,"column":4},"end":{"line":93,"column":31}},"11":{"start":{"line":94,"column":4},"end":{"line":94,"column":32}},"12":{"start":{"line":97,"column":4},"end":{"line":97,"column":30}},"13":{"start":{"line":98,"column":4},"end":{"line":98,"column":28}},"14":{"start":{"line":99,"column":4},"end":{"line":99,"column":27}},"15":{"start":{"line":101,"column":4},"end":{"line":101,"column":29}},"16":{"start":{"line":103,"column":4},"end":{"line":103,"column":75}}},"branchMap":{"1":{"line":70,"type":"if","locations":[{"start":{"line":70,"column":8},"end":{"line":70,"column":8}},{"start":{"line":70,"column":8},"end":{"line":70,"column":8}}]},"2":{"line":71,"type":"if","locations":[{"start":{"line":71,"column":8},"end":{"line":71,"column":8}},{"start":{"line":71,"column":8},"end":{"line":71,"column":8}}]},"3":{"line":91,"type":"if","locations":[{"start":{"line":91,"column":4},"end":{"line":91,"column":4}},{"start":{"line":91,"column":4},"end":{"line":91,"column":4}}]},"4":{"line":92,"type":"if","locations":[{"start":{"line":92,"column":4},"end":{"line":92,"column":4}},{"start":{"line":92,"column":4},"end":{"line":92,"column":4}}]},"5":{"line":93,"type":"if","locations":[{"start":{"line":93,"column":4},"end":{"line":93,"column":4}},{"start":{"line":93,"column":4},"end":{"line":93,"column":4}}]},"6":{"line":94,"type":"if","locations":[{"start":{"line":94,"column":4},"end":{"line":94,"column":4}},{"start":{"line":94,"column":4},"end":{"line":94,"column":4}}]}}}}